# JRE version: OpenJDK Runtime Environment (17.0.2+8) (build 17.0.2+8-86)
# Java VM: OpenJDK 64-Bit Server VM (17.0.2+8-86, mixed mode, emulated-client, sharing, tiered, compressed oops, compressed class ptrs, g1 gc, windows-amd64)
GC Precious Log:
 CPUs: 8 total, 8 available
 Memory: 16258M
 Large Page Support: Disabled
 NUMA Support: Disabled
 Compressed Oops: Enabled (Zero based)
 Heap Region Size: 2M
 Heap Min Capacity: 8M
 Heap Initial Capacity: 256M
 Heap Max Capacity: 4066M
 Pre-touch: Disabled
 Parallel Workers: 8
 Concurrent Workers: 2
 Concurrent Refinement Workers: 8
 Periodic GC: Disabled
Heap:
 garbage-first heap   total 133120K, used 82905K [0x0000000701e00000, 0x0000000800000000)
  region size 2048K, 25 young (51200K), 2 survivors (4096K)
 Metaspace       used 54280K, committed 54784K, reserved 1097728K
  class space    used 7510K, committed 7744K, reserved 1048576K
GC Heap History (20 events):
Event: 7.193 GC heap before
{Heap before GC invocations=10 (full 0):
 garbage-first heap   total 81920K, used 62654K [0x0000000701e00000, 0x0000000800000000)
  region size 2048K, 24 young (49152K), 3 survivors (6144K)
 Metaspace       used 41899K, committed 42368K, reserved 1089536K
  class space    used 5912K, committed 6144K, reserved 1048576K
}
Event: 7.201 GC heap after
{Heap after GC invocations=11 (full 0):
 garbage-first heap   total 81920K, used 21945K [0x0000000701e00000, 0x0000000800000000)
  region size 2048K, 3 young (6144K), 3 survivors (6144K)
 Metaspace       used 41899K, committed 42368K, reserved 1089536K
  class space    used 5912K, committed 6144K, reserved 1048576K
}
Event: 7.254 GC heap before
{Heap before GC invocations=11 (full 0):
 garbage-first heap   total 81920K, used 23993K [0x0000000701e00000, 0x0000000800000000)
  region size 2048K, 4 young (8192K), 3 survivors (6144K)
 Metaspace       used 42088K, committed 42560K, reserved 1089536K
  class space    used 5940K, committed 6144K, reserved 1048576K
}
Event: 7.260 GC heap after
{Heap after GC invocations=12 (full 0):
 garbage-first heap   total 81920K, used 22537K [0x0000000701e00000, 0x0000000800000000)
  region size 2048K, 1 young (2048K), 1 survivors (2048K)
 Metaspace       used 42088K, committed 42560K, reserved 1089536K
  class space    used 5940K, committed 6144K, reserved 1048576K
}
Event: 8.779 GC heap before
{Heap before GC invocations=12 (full 0):
 garbage-first heap   total 81920K, used 59401K [0x0000000701e00000, 0x0000000800000000)
  region size 2048K, 20 young (40960K), 1 survivors (2048K)
 Metaspace       used 46504K, committed 46976K, reserved 1089536K
  class space    used 6564K, committed 6784K, reserved 1048576K
}
Event: 8.784 GC heap after
{Heap after GC invocations=13 (full 0):
 garbage-first heap   total 81920K, used 24696K [0x0000000701e00000, 0x0000000800000000)
  region size 2048K, 2 young (4096K), 2 survivors (4096K)
 Metaspace       used 46504K, committed 46976K, reserved 1089536K
  class space    used 6564K, committed 6784K, reserved 1048576K
}
Event: 9.039 GC heap before
{Heap before GC invocations=13 (full 0):
 garbage-first heap   total 81920K, used 61560K [0x0000000701e00000, 0x0000000800000000)
  region size 2048K, 20 young (40960K), 2 survivors (4096K)
 Metaspace       used 46940K, committed 47424K, reserved 1089536K
  class space    used 6611K, committed 6848K, reserved 1048576K
}
Event: 9.044 GC heap after
{Heap after GC invocations=14 (full 0):
 garbage-first heap   total 81920K, used 25658K [0x0000000701e00000, 0x0000000800000000)
  region size 2048K, 2 young (4096K), 2 survivors (4096K)
 Metaspace       used 46940K, committed 47424K, reserved 1089536K
  class space    used 6611K, committed 6848K, reserved 1048576K
}
Event: 9.468 GC heap before
{Heap before GC invocations=14 (full 0):
 garbage-first heap   total 81920K, used 64570K [0x0000000701e00000, 0x0000000800000000)
  region size 2048K, 21 young (43008K), 2 survivors (4096K)
 Metaspace       used 49118K, committed 49536K, reserved 1097728K
  class space    used 6840K, committed 7040K, reserved 1048576K
}
Event: 9.474 GC heap after
{Heap after GC invocations=15 (full 0):
 garbage-first heap   total 81920K, used 26954K [0x0000000701e00000, 0x0000000800000000)
  region size 2048K, 2 young (4096K), 2 survivors (4096K)
 Metaspace       used 49118K, committed 49536K, reserved 1097728K
  class space    used 6840K, committed 7040K, reserved 1048576K
}
Event: 10.130 GC heap before
{Heap before GC invocations=15 (full 0):
 garbage-first heap   total 81920K, used 59722K [0x0000000701e00000, 0x0000000800000000)
  region size 2048K, 19 young (38912K), 2 survivors (4096K)
 Metaspace       used 52469K, committed 52992K, reserved 1097728K
  class space    used 7273K, committed 7488K, reserved 1048576K
}
Event: 10.138 GC heap after
{Heap after GC invocations=16 (full 0):
 garbage-first heap   total 110592K, used 31734K [0x0000000701e00000, 0x0000000800000000)
  region size 2048K, 3 young (6144K), 3 survivors (6144K)
 Metaspace       used 52469K, committed 52992K, reserved 1097728K
  class space    used 7273K, committed 7488K, reserved 1048576K
}
Event: 10.429 GC heap before
{Heap before GC invocations=16 (full 0):
 garbage-first heap   total 110592K, used 82934K [0x0000000701e00000, 0x0000000800000000)
  region size 2048K, 29 young (59392K), 3 survivors (6144K)
 Metaspace       used 52569K, committed 53056K, reserved 1097728K
  class space    used 7286K, committed 7488K, reserved 1048576K
}
Event: 10.437 GC heap after
{Heap after GC invocations=17 (full 0):
 garbage-first heap   total 110592K, used 36228K [0x0000000701e00000, 0x0000000800000000)
  region size 2048K, 4 young (8192K), 4 survivors (8192K)
 Metaspace       used 52569K, committed 53056K, reserved 1097728K
  class space    used 7286K, committed 7488K, reserved 1048576K
}
Event: 10.621 GC heap before
{Heap before GC invocations=17 (full 0):
 garbage-first heap   total 110592K, used 81284K [0x0000000701e00000, 0x0000000800000000)
  region size 2048K, 27 young (55296K), 4 survivors (8192K)
 Metaspace       used 52569K, committed 53056K, reserved 1097728K
  class space    used 7286K, committed 7488K, reserved 1048576K
}
Event: 10.630 GC heap after
{Heap after GC invocations=18 (full 0):
 garbage-first heap   total 110592K, used 40549K [0x0000000701e00000, 0x0000000800000000)
  region size 2048K, 4 young (8192K), 4 survivors (8192K)
 Metaspace       used 52569K, committed 53056K, reserved 1097728K
  class space    used 7286K, committed 7488K, reserved 1048576K
}
Event: 11.032 GC heap before
{Heap before GC invocations=18 (full 0):
 garbage-first heap   total 110592K, used 81509K [0x0000000701e00000, 0x0000000800000000)
  region size 2048K, 24 young (49152K), 4 survivors (8192K)
 Metaspace       used 53498K, committed 54016K, reserved 1097728K
  class space    used 7401K, committed 7616K, reserved 1048576K
}
Event: 11.038 GC heap after
{Heap after GC invocations=19 (full 0):
 garbage-first heap   total 110592K, used 37887K [0x0000000701e00000, 0x0000000800000000)
  region size 2048K, 2 young (4096K), 2 survivors (4096K)
 Metaspace       used 53498K, committed 54016K, reserved 1097728K
  class space    used 7401K, committed 7616K, reserved 1048576K
}
Event: 164.070 GC heap before
{Heap before GC invocations=19 (full 0):
 garbage-first heap   total 110592K, used 80895K [0x0000000701e00000, 0x0000000800000000)
  region size 2048K, 23 young (47104K), 2 survivors (4096K)
 Metaspace       used 54194K, committed 54720K, reserved 1097728K
  class space    used 7500K, committed 7744K, reserved 1048576K
}
Event: 164.074 GC heap after
{Heap after GC invocations=20 (full 0):
 garbage-first heap   total 133120K, used 37849K [0x0000000701e00000, 0x0000000800000000)
  region size 2048K, 2 young (4096K), 2 survivors (4096K)
 Metaspace       used 54194K, committed 54720K, reserved 1097728K
  class space    used 7500K, committed 7744K, reserved 1048576K
}

